2025-03-22 19:41:31,317 - INFO - Début de l'importation des données
2025-03-22 19:41:31,328 - INFO - Récupération des données pour la table co2cars_2021Pv23
2025-03-22 19:41:39,689 - INFO - 81849 enregistrements récupérés pour co2cars_2021Pv23
2025-03-22 19:41:39,689 - INFO - Récupération des données pour la table co2cars_2022Pv25
2025-03-22 19:41:53,776 - INFO - 200333 enregistrements récupérés pour co2cars_2022Pv25
2025-03-22 19:41:53,777 - INFO - Récupération des données pour la table co2cars_2023Pv27
2025-03-22 19:42:06,026 - INFO - 300662 enregistrements récupérés pour co2cars_2023Pv27
2025-03-22 19:42:06,874 - INFO - Suppression des doublons : 251396 lignes restantes
2025-03-22 19:42:07,107 - INFO - Nettoyage de 'Ft' : 251392 lignes restantes
2025-03-22 19:42:07,866 - INFO - Nettoyage de 'Mk' : 251386 lignes restantes
2025-03-22 19:42:08,030 - INFO - Outliers pour Ewltp (g/km) (seuil 22.9) : 11837 supprimés, 239549 lignes restantes
2025-03-22 19:42:08,200 - INFO - Outliers pour Fc (seuil 1.1) : 8238 supprimés, 231311 lignes restantes
2025-03-22 19:42:08,389 - INFO - Outliers pour M (kg) (seuil 118.7) : 9208 supprimés, 222103 lignes restantes
2025-03-22 19:42:08,569 - INFO - Outliers pour Ec (cm3) (seuil 102.3) : 39151 supprimés, 182952 lignes restantes
2025-03-22 19:42:08,715 - INFO - Outliers pour Ep (KW) (seuil 29.9) : 5275 supprimés, 177677 lignes restantes
2025-03-22 19:42:08,856 - INFO - Outliers pour Erwltp (g/km) (seuil 0.8) : 3649 supprimés, 174028 lignes restantes
2025-03-22 19:42:08,899 - INFO - Suppression des hybrides : 173898 lignes restantes
2025-03-22 19:42:09,105 - INFO - Données pour 2021 enregistrées dans data\raw\DF_2021_Raw.csv
2025-03-22 19:42:09,332 - INFO - Données pour 2022 enregistrées dans data\raw\DF_2022_Raw.csv
2025-03-22 19:42:09,518 - INFO - Données pour 2023 enregistrées dans data\raw\DF_2023_Raw.csv
2025-03-22 19:42:09,522 - INFO - Importation terminée avec succès
